<?xml version="1.0" encoding="UTF-8"?>
<!-- Generated by org.testng.reporters.JUnitXMLReporter -->
<testsuite ignored="0" hostname="LAPTOP-PF3BCJ59" failures="0" tests="6" name="Test" time="82.188" errors="0" timestamp="2024-04-25T02:03:57 BDT">
  <testcase classname="MobileAutomation1.Mobile.AppiumBasic" name="AppiumTest" time="5.061"/>
  <testcase classname="MobileAutomation1.Mobile.DragDrop" name="DragDropTest" time="6.86"/>
  <testcase classname="MobileAutomation1.Mobile.ScrollTest" name="ScrollTestDemo" time="8.839"/>
  <testcase classname="MobileAutomation1.Mobile.MiscellaneousAtivities" name="MiscellaneousTest" time="8.917"/>
  <testcase classname="MobileAutomation1.Mobile.LongPress" name="LongPressGesture" time="7.386"/>
  <testcase classname="MobileAutomation1.Mobile.SwipeTest" name="SwipeTestDemo" time="4.981"/>
</testsuite> <!-- Test -->
